[2018-04-20 23:01:56.678000] ==== ERROR ==== Error with http://cnnespanol.cnn.com/2018/04/20/corea-del-norte-que-suspende-sus-pruebas-nucleares-y-de-misiles/
[2018-04-20 23:01:56.724000] ==== ERROR ==== Error with http://cnnespanol.cnn.com/2018/04/20/avicii-muere-las-canciones-mas-populares-de-avicii/
[2018-04-20 23:01:56.773000] ==== ERROR ==== Error with http://cnnespanol.cnn.com/2018/04/20/avicii-se-retiro-de-los-escenarios-con-una-emotiva-carta-a-sus-fans/
[2018-04-20 23:01:56.819000] ==== ERROR ==== Error with http://cnnespanol.cnn.com/2018/04/20/muere-avicii-el-dj-sueco-tenia-28-anos/
[2018-04-20 23:01:56.859000] ==== ERROR ==== Error with http://cnnespanol.cnn.com/video/paraguay-elex-perfiles-mario-abdo-benitez-efrain-alegre-pkg-sarmenti/
[2018-04-20 23:01:59.748000] ==== ERROR ==== Error with https://smugmug.com/together
[2018-04-20 23:02:57.562000] ==== ERROR ==== Error with http://www.vulture.com/2018/04/how-close-are-we-to-real-life-westworld-robots.html
[2018-04-20 23:02:57.697000] ==== ERROR ==== Error with http://www.vulture.com/2018/04/the-stoner-canon-101-trippy-movies-albums-and-more.html
[2018-04-20 23:03:00.104000] ==== ERROR ==== Error with http://www.vulture.com/2018/04/revisiting-the-controversy-surrounding-scarface.html
[2018-04-20 23:03:00.433000] ==== ERROR ==== Error with http://www.vulture.com/2018/04/kanye-west-trump-and-twitter-are-changing-the-world.html
[2018-04-20 23:03:52.719000] ==== ERROR ==== Error with http://thehill.com/policy/national-security/384225-comey-memo-fallout-is-mostly-fizzle
[2018-04-20 23:03:52.854000] ==== ERROR ==== Error with http://thehill.com/homenews/administration/384221-sessions-warned-white-house-he-could-quit-if-trump-fired-rosenstein
[2018-04-20 23:03:53] ==== ERROR ==== Error with http://thehill.com/homenews/administration/384217-impeaching-rosenstein-some-republicans-are-talking-about-it
[2018-04-20 23:03:53.140000] ==== ERROR ==== Error with http://thehill.com/policy/healthcare/384208-trump-admin-announces-abstinence-focused-overhaul-of-teen-pregnancy
[2018-04-20 23:03:53.283000] ==== ERROR ==== Error with http://thehill.com/blogs/floor-action/senate/384213-pompeo-lacks-votes-for-positive-vote-on-panel
[2018-04-20 23:03:53.423000] ==== ERROR ==== Error with http://thehill.com/policy/national-security/384205-cia-declassifies-memo-on-nominees-handling-of-interrogation-tapes
[2018-04-20 23:03:53.587000] ==== ERROR ==== Error with http://thehill.com/business-a-lobbying/384042-bills-meant-to-protect-mueller-divide-gop
[2018-04-20 23:03:53.727000] ==== ERROR ==== Error with http://thehill.com/homenews/administration/384152-mccabe-to-sue-trump-admin-for-defamation-wrongful-termination
[2018-04-20 23:03:53.963000] ==== ERROR ==== Error with http://thehill.com/policy/national-security/384148-trump-appeals-decision-on-john-doe
[2018-04-20 23:03:54.117000] ==== ERROR ==== Error with http://thehill.com/homenews/senate/384065-democrats-mull-audacious-play-to-block-pompeo
[2018-04-20 23:04:00.691000] ==== ERROR ==== Error with https://static01.nyt.com/files/2018/us/politics/20180419-james-comey-memos.pdf
[2018-04-20 23:05:27.390000] ==== ERROR ==== Error with https://apnews.com/dda6eac0eb2b4c8c9ddbfee14f891ccd
[2018-04-20 23:05:27.898000] ==== ERROR ==== Error with https://apnews.com/9064c619801e4fa18013201aabf0cec9
[2018-04-20 23:05:28.048000] ==== ERROR ==== Error with https://apnews.com/5a557d1d62e14d07ac238e4d2e6dd50a
[2018-04-20 23:05:28.606000] ==== ERROR ==== Error with https://apnews.com/dfb5533e10e94362b993e5cb131beef7
[2018-04-20 23:05:30.246000] ==== ERROR ==== Error with https://apnews.com/2f260372a1e84b90a7cc0cf11ef5d206
[2018-04-20 23:06:31.478000] ==== ERROR ==== Error with https://apnews.com/2f260372a1e84b90a7cc0cf11ef5d206
[2018-04-20 23:06:32.329000] ==== ERROR ==== Error with http://cnnespanol.cnn.com/2018/04/20/trump-riqueza-millones-finanzas/
[2018-04-20 23:06:32.376000] ==== ERROR ==== Error with http://cnnespanol.cnn.com/2018/04/20/corea-del-norte-que-suspende-sus-pruebas-nucleares-y-de-misiles/
[2018-04-20 23:06:32.421000] ==== ERROR ==== Error with http://cnnespanol.cnn.com/2018/04/20/avicii-muere-las-canciones-mas-populares-de-avicii/
[2018-04-20 23:06:32.479000] ==== ERROR ==== Error with http://cnnespanol.cnn.com/2018/04/20/avicii-se-retiro-de-los-escenarios-con-una-emotiva-carta-a-sus-fans/
[2018-04-20 23:06:32.527000] ==== ERROR ==== Error with http://cnnespanol.cnn.com/2018/04/20/muere-avicii-el-dj-sueco-tenia-28-anos/
[2018-04-20 23:06:32.570000] ==== ERROR ==== Error with http://cnnespanol.cnn.com/video/paraguay-elex-perfiles-mario-abdo-benitez-efrain-alegre-pkg-sarmenti/
[2018-04-20 23:06:54.024000] ==== ERROR ==== Error with http://cnnespanol.cnn.com/2018/04/20/trump-riqueza-millones-finanzas/
[2018-04-20 23:06:54.067000] ==== ERROR ==== Error with http://cnnespanol.cnn.com/2018/04/20/corea-del-norte-que-suspende-sus-pruebas-nucleares-y-de-misiles/
[2018-04-20 23:06:54.133000] ==== ERROR ==== Error with http://cnnespanol.cnn.com/2018/04/20/avicii-muere-las-canciones-mas-populares-de-avicii/
[2018-04-20 23:06:54.180000] ==== ERROR ==== Error with http://cnnespanol.cnn.com/2018/04/20/avicii-se-retiro-de-los-escenarios-con-una-emotiva-carta-a-sus-fans/
[2018-04-20 23:06:54.226000] ==== ERROR ==== Error with http://cnnespanol.cnn.com/2018/04/20/muere-avicii-el-dj-sueco-tenia-28-anos/
[2018-04-20 23:06:54.282000] ==== ERROR ==== Error with http://cnnespanol.cnn.com/video/paraguay-elex-perfiles-mario-abdo-benitez-efrain-alegre-pkg-sarmenti/
[2018-04-20 23:06:57.050000] ==== ERROR ==== Error with http://cnnespanol.cnn.com/2018/04/20/trump-riqueza-millones-finanzas/
[2018-04-20 23:06:57.115000] ==== ERROR ==== Error with http://cnnespanol.cnn.com/2018/04/20/corea-del-norte-que-suspende-sus-pruebas-nucleares-y-de-misiles/
[2018-04-20 23:06:57.165000] ==== ERROR ==== Error with http://cnnespanol.cnn.com/2018/04/20/avicii-muere-las-canciones-mas-populares-de-avicii/
[2018-04-20 23:06:57.217000] ==== ERROR ==== Error with http://cnnespanol.cnn.com/2018/04/20/avicii-se-retiro-de-los-escenarios-con-una-emotiva-carta-a-sus-fans/
[2018-04-20 23:06:57.265000] ==== ERROR ==== Error with http://cnnespanol.cnn.com/2018/04/20/muere-avicii-el-dj-sueco-tenia-28-anos/
[2018-04-20 23:06:57.312000] ==== ERROR ==== Error with http://cnnespanol.cnn.com/video/paraguay-elex-perfiles-mario-abdo-benitez-efrain-alegre-pkg-sarmenti/
[2018-04-20 23:08:54.053000] ==== ERROR ==== Error with http://cnnespanol.cnn.com/2018/04/20/trump-riqueza-millones-finanzas/
[2018-04-20 23:08:54.100000] ==== ERROR ==== Error with http://cnnespanol.cnn.com/2018/04/20/corea-del-norte-que-suspende-sus-pruebas-nucleares-y-de-misiles/
[2018-04-20 23:08:54.149000] ==== ERROR ==== Error with http://cnnespanol.cnn.com/2018/04/20/avicii-muere-las-canciones-mas-populares-de-avicii/
[2018-04-20 23:08:54.195000] ==== ERROR ==== Error with http://cnnespanol.cnn.com/2018/04/20/avicii-se-retiro-de-los-escenarios-con-una-emotiva-carta-a-sus-fans/
[2018-04-20 23:08:54.243000] ==== ERROR ==== Error with http://cnnespanol.cnn.com/2018/04/20/muere-avicii-el-dj-sueco-tenia-28-anos/
[2018-04-20 23:08:54.291000] ==== ERROR ==== Error with http://cnnespanol.cnn.com/video/paraguay-elex-perfiles-mario-abdo-benitez-efrain-alegre-pkg-sarmenti/
[2018-04-20 23:09:10.112000] ==== ERROR ==== Error with https://smugmug.com/together
[2018-04-20 23:10:12.023000] ==== ERROR ==== Error with http://www.vulture.com/2018/04/how-close-are-we-to-real-life-westworld-robots.html
[2018-04-20 23:10:13.757000] ==== ERROR ==== Error with http://www.vulture.com/2018/04/kanye-west-trump-and-twitter-are-changing-the-world.html
[2018-04-20 23:11:01.452000] ==== ERROR ==== Error with http://thehill.com/policy/national-security/384225-comey-memo-fallout-is-mostly-fizzle
[2018-04-20 23:11:01.633000] ==== ERROR ==== Error with http://thehill.com/homenews/administration/384221-sessions-warned-white-house-he-could-quit-if-trump-fired-rosenstein
[2018-04-20 23:11:01.784000] ==== ERROR ==== Error with http://thehill.com/homenews/administration/384217-impeaching-rosenstein-some-republicans-are-talking-about-it
[2018-04-20 23:11:01.942000] ==== ERROR ==== Error with http://thehill.com/policy/healthcare/384208-trump-admin-announces-abstinence-focused-overhaul-of-teen-pregnancy
[2018-04-20 23:11:02.090000] ==== ERROR ==== Error with http://thehill.com/blogs/floor-action/senate/384213-pompeo-lacks-votes-for-positive-vote-on-panel
[2018-04-20 23:11:02.229000] ==== ERROR ==== Error with http://thehill.com/policy/national-security/384205-cia-declassifies-memo-on-nominees-handling-of-interrogation-tapes
[2018-04-20 23:11:02.365000] ==== ERROR ==== Error with http://thehill.com/business-a-lobbying/384042-bills-meant-to-protect-mueller-divide-gop
[2018-04-20 23:11:02.497000] ==== ERROR ==== Error with http://thehill.com/homenews/administration/384152-mccabe-to-sue-trump-admin-for-defamation-wrongful-termination
[2018-04-20 23:11:03.455000] ==== ERROR ==== Error with http://thehill.com/homenews/senate/384065-democrats-mull-audacious-play-to-block-pompeo
[2018-04-20 23:11:11.151000] ==== ERROR ==== Error with https://static01.nyt.com/files/2018/us/politics/20180419-james-comey-memos.pdf
